{"__type":"$$EventMessageAudit","id":"da5b0fb3-4f32-4f3b-b96d-a5fa6c34738b","ts":"2026-04-23T02:02:43.036-04:00","eventName":"n8n.audit.workflow.activated","message":"n8n.audit.workflow.activated","payload":{"workflowId":"pixOTGTBbpu2kaJp","workflowName":"My workflow 4","activeVersionId":"7e25f2a5-c637-4ba7-a316-42f987c621a4","activationMode":"init"}}
{"__type":"$$EventMessageConfirm","confirm":"da5b0fb3-4f32-4f3b-b96d-a5fa6c34738b","ts":"2026-04-23T02:02:43.037-04:00","source":{"id":"0","name":"eventBus"}}
{"__type":"$$EventMessageAudit","id":"a49edd9f-485b-409a-b8cd-1a54a90e6c8b","ts":"2026-04-23T02:04:05.710-04:00","eventName":"n8n.audit.workflow.executed","message":"n8n.audit.workflow.executed","payload":{"workflowId":"pixOTGTBbpu2kaJp","workflowName":"My workflow 4","executionId":"136","source":"webhook"}}
{"__type":"$$EventMessageConfirm","confirm":"a49edd9f-485b-409a-b8cd-1a54a90e6c8b","ts":"2026-04-23T02:04:05.710-04:00","source":{"id":"0","name":"eventBus"}}
{"__type":"$$EventMessageWorkflow","id":"c3dfbfe5-94d7-44b6-83b5-767b3635444d","ts":"2026-04-23T02:04:05.711-04:00","eventName":"n8n.workflow.started","message":"n8n.workflow.started","payload":{"executionId":"136","workflowId":"pixOTGTBbpu2kaJp","isManual":false,"mode":"webhook","workflowName":"My workflow 4","projectId":"3u0r5IjKMXnzu4Ut","projectName":"พงศกร ศรีมา <phongsakorn606@gmail.com>"}}
{"__type":"$$EventMessageConfirm","confirm":"c3dfbfe5-94d7-44b6-83b5-767b3635444d","ts":"2026-04-23T02:04:05.711-04:00","source":{"id":"0","name":"eventBus"}}
{"__type":"$$EventMessageNode","id":"281718c4-6c96-4e1d-9a50-6df485c8b8f7","ts":"2026-04-23T02:04:05.712-04:00","eventName":"n8n.node.started","message":"n8n.node.started","payload":{"workflowId":"pixOTGTBbpu2kaJp","workflowName":"My workflow 4","executionId":"136","nodeType":"n8n-nodes-base.webhook","nodeName":"Webhook","nodeId":"acf15491-a839-4ddb-9dbc-370e14cc5689"}}
{"__type":"$$EventMessageConfirm","confirm":"281718c4-6c96-4e1d-9a50-6df485c8b8f7","ts":"2026-04-23T02:04:05.712-04:00","source":{"id":"0","name":"eventBus"}}
{"__type":"$$EventMessageNode","id":"60dfe6d4-d9b0-4043-afcd-3222fd572a97","ts":"2026-04-23T02:04:05.715-04:00","eventName":"n8n.node.finished","message":"n8n.node.finished","payload":{"workflowId":"pixOTGTBbpu2kaJp","workflowName":"My workflow 4","executionId":"136","nodeType":"n8n-nodes-base.webhook","nodeName":"Webhook","nodeId":"acf15491-a839-4ddb-9dbc-370e14cc5689"}}
{"__type":"$$EventMessageConfirm","confirm":"60dfe6d4-d9b0-4043-afcd-3222fd572a97","ts":"2026-04-23T02:04:05.716-04:00","source":{"id":"0","name":"eventBus"}}
{"__type":"$$EventMessageNode","id":"5198a780-6399-4075-805d-0ba561d4ef76","ts":"2026-04-23T02:04:05.716-04:00","eventName":"n8n.node.started","message":"n8n.node.started","payload":{"workflowId":"pixOTGTBbpu2kaJp","workflowName":"My workflow 4","executionId":"136","nodeType":"n8n-nodes-base.googleSheets","nodeName":"Get row(s) in sheet","nodeId":"9565bf4f-dc5d-404f-8a3f-283917184146"}}
{"__type":"$$EventMessageConfirm","confirm":"5198a780-6399-4075-805d-0ba561d4ef76","ts":"2026-04-23T02:04:05.716-04:00","source":{"id":"0","name":"eventBus"}}
{"__type":"$$EventMessageNode","id":"180e7b3c-d9d7-402c-81a6-ef904d130451","ts":"2026-04-23T02:04:10.478-04:00","eventName":"n8n.node.finished","message":"n8n.node.finished","payload":{"workflowId":"pixOTGTBbpu2kaJp","workflowName":"My workflow 4","executionId":"136","nodeType":"n8n-nodes-base.googleSheets","nodeName":"Get row(s) in sheet","nodeId":"9565bf4f-dc5d-404f-8a3f-283917184146"}}
{"__type":"$$EventMessageConfirm","confirm":"180e7b3c-d9d7-402c-81a6-ef904d130451","ts":"2026-04-23T02:04:10.478-04:00","source":{"id":"0","name":"eventBus"}}
{"__type":"$$EventMessageNode","id":"3f9fe231-6545-40e5-8d5f-f99fdcbfe002","ts":"2026-04-23T02:04:10.479-04:00","eventName":"n8n.node.started","message":"n8n.node.started","payload":{"workflowId":"pixOTGTBbpu2kaJp","workflowName":"My workflow 4","executionId":"136","nodeType":"n8n-nodes-base.set","nodeName":"Edit Fields","nodeId":"4aa182d0-908c-4933-8542-2fbe013bba3e"}}
{"__type":"$$EventMessageConfirm","confirm":"3f9fe231-6545-40e5-8d5f-f99fdcbfe002","ts":"2026-04-23T02:04:10.479-04:00","source":{"id":"0","name":"eventBus"}}
{"__type":"$$EventMessageNode","id":"7cc71bea-64eb-4a79-a9fd-ba5488d009ec","ts":"2026-04-23T02:04:10.541-04:00","eventName":"n8n.node.finished","message":"n8n.node.finished","payload":{"workflowId":"pixOTGTBbpu2kaJp","workflowName":"My workflow 4","executionId":"136","nodeType":"n8n-nodes-base.set","nodeName":"Edit Fields","nodeId":"4aa182d0-908c-4933-8542-2fbe013bba3e"}}
{"__type":"$$EventMessageConfirm","confirm":"7cc71bea-64eb-4a79-a9fd-ba5488d009ec","ts":"2026-04-23T02:04:10.541-04:00","source":{"id":"0","name":"eventBus"}}
{"__type":"$$EventMessageNode","id":"e01af8c1-0d37-4da6-9f56-faf31a1982f5","ts":"2026-04-23T02:04:10.542-04:00","eventName":"n8n.node.started","message":"n8n.node.started","payload":{"workflowId":"pixOTGTBbpu2kaJp","workflowName":"My workflow 4","executionId":"136","nodeType":"n8n-nodes-base.respondToWebhook","nodeName":"Respond to Webhook","nodeId":"7aa28184-1158-47fc-8829-94ed5d109b2f"}}
{"__type":"$$EventMessageConfirm","confirm":"e01af8c1-0d37-4da6-9f56-faf31a1982f5","ts":"2026-04-23T02:04:10.543-04:00","source":{"id":"0","name":"eventBus"}}
{"__type":"$$EventMessageNode","id":"dd12e82a-a871-45d9-9d0c-cd64573664ce","ts":"2026-04-23T02:04:10.548-04:00","eventName":"n8n.node.finished","message":"n8n.node.finished","payload":{"workflowId":"pixOTGTBbpu2kaJp","workflowName":"My workflow 4","executionId":"136","nodeType":"n8n-nodes-base.respondToWebhook","nodeName":"Respond to Webhook","nodeId":"7aa28184-1158-47fc-8829-94ed5d109b2f"}}
{"__type":"$$EventMessageConfirm","confirm":"dd12e82a-a871-45d9-9d0c-cd64573664ce","ts":"2026-04-23T02:04:10.549-04:00","source":{"id":"0","name":"eventBus"}}
{"__type":"$$EventMessageWorkflow","id":"769a4416-51de-4de3-899f-dc89afbfa464","ts":"2026-04-23T02:04:10.553-04:00","eventName":"n8n.workflow.success","message":"n8n.workflow.success","payload":{"executionId":"136","success":true,"isManual":false,"mode":"webhook","workflowId":"pixOTGTBbpu2kaJp","workflowName":"My workflow 4","projectId":"3u0r5IjKMXnzu4Ut","projectName":"พงศกร ศรีมา <phongsakorn606@gmail.com>"}}
{"__type":"$$EventMessageConfirm","confirm":"769a4416-51de-4de3-899f-dc89afbfa464","ts":"2026-04-23T02:04:10.553-04:00","source":{"id":"0","name":"eventBus"}}
{"__type":"$$EventMessageAudit","id":"ecc70953-ae18-4772-84cf-c070ad882409","ts":"2026-04-23T02:04:10.663-04:00","eventName":"n8n.audit.workflow.executed","message":"n8n.audit.workflow.executed","payload":{"workflowId":"pixOTGTBbpu2kaJp","workflowName":"My workflow 4","executionId":"137","source":"webhook"}}
{"__type":"$$EventMessageConfirm","confirm":"ecc70953-ae18-4772-84cf-c070ad882409","ts":"2026-04-23T02:04:10.663-04:00","source":{"id":"0","name":"eventBus"}}
{"__type":"$$EventMessageWorkflow","id":"cc67b988-e353-49ba-9195-428bfedccbbd","ts":"2026-04-23T02:04:10.664-04:00","eventName":"n8n.workflow.started","message":"n8n.workflow.started","payload":{"executionId":"137","workflowId":"pixOTGTBbpu2kaJp","isManual":false,"mode":"webhook","workflowName":"My workflow 4","projectId":"3u0r5IjKMXnzu4Ut","projectName":"พงศกร ศรีมา <phongsakorn606@gmail.com>"}}
{"__type":"$$EventMessageConfirm","confirm":"cc67b988-e353-49ba-9195-428bfedccbbd","ts":"2026-04-23T02:04:10.664-04:00","source":{"id":"0","name":"eventBus"}}
{"__type":"$$EventMessageNode","id":"8b8aa43e-5b91-40ca-8798-8572bf3c3548","ts":"2026-04-23T02:04:10.664-04:00","eventName":"n8n.node.started","message":"n8n.node.started","payload":{"workflowId":"pixOTGTBbpu2kaJp","workflowName":"My workflow 4","executionId":"137","nodeType":"n8n-nodes-base.webhook","nodeName":"Webhook","nodeId":"acf15491-a839-4ddb-9dbc-370e14cc5689"}}
{"__type":"$$EventMessageConfirm","confirm":"8b8aa43e-5b91-40ca-8798-8572bf3c3548","ts":"2026-04-23T02:04:10.664-04:00","source":{"id":"0","name":"eventBus"}}
{"__type":"$$EventMessageNode","id":"fc3d26df-44e8-45a1-8e24-502a9c85be6d","ts":"2026-04-23T02:04:10.665-04:00","eventName":"n8n.node.finished","message":"n8n.node.finished","payload":{"workflowId":"pixOTGTBbpu2kaJp","workflowName":"My workflow 4","executionId":"137","nodeType":"n8n-nodes-base.webhook","nodeName":"Webhook","nodeId":"acf15491-a839-4ddb-9dbc-370e14cc5689"}}
{"__type":"$$EventMessageConfirm","confirm":"fc3d26df-44e8-45a1-8e24-502a9c85be6d","ts":"2026-04-23T02:04:10.665-04:00","source":{"id":"0","name":"eventBus"}}
{"__type":"$$EventMessageNode","id":"173431e7-6437-4eaa-917d-fe0d58421baf","ts":"2026-04-23T02:04:10.665-04:00","eventName":"n8n.node.started","message":"n8n.node.started","payload":{"workflowId":"pixOTGTBbpu2kaJp","workflowName":"My workflow 4","executionId":"137","nodeType":"n8n-nodes-base.googleSheets","nodeName":"Get row(s) in sheet","nodeId":"9565bf4f-dc5d-404f-8a3f-283917184146"}}
{"__type":"$$EventMessageConfirm","confirm":"173431e7-6437-4eaa-917d-fe0d58421baf","ts":"2026-04-23T02:04:10.665-04:00","source":{"id":"0","name":"eventBus"}}
{"__type":"$$EventMessageNode","id":"1871dd3d-407e-45cc-9c41-c153d3d477d4","ts":"2026-04-23T02:04:12.679-04:00","eventName":"n8n.node.finished","message":"n8n.node.finished","payload":{"workflowId":"pixOTGTBbpu2kaJp","workflowName":"My workflow 4","executionId":"137","nodeType":"n8n-nodes-base.googleSheets","nodeName":"Get row(s) in sheet","nodeId":"9565bf4f-dc5d-404f-8a3f-283917184146"}}
{"__type":"$$EventMessageConfirm","confirm":"1871dd3d-407e-45cc-9c41-c153d3d477d4","ts":"2026-04-23T02:04:12.679-04:00","source":{"id":"0","name":"eventBus"}}
{"__type":"$$EventMessageNode","id":"670a6f1f-9360-451f-b54a-a6a2551d6889","ts":"2026-04-23T02:04:12.680-04:00","eventName":"n8n.node.started","message":"n8n.node.started","payload":{"workflowId":"pixOTGTBbpu2kaJp","workflowName":"My workflow 4","executionId":"137","nodeType":"n8n-nodes-base.set","nodeName":"Edit Fields","nodeId":"4aa182d0-908c-4933-8542-2fbe013bba3e"}}
{"__type":"$$EventMessageConfirm","confirm":"670a6f1f-9360-451f-b54a-a6a2551d6889","ts":"2026-04-23T02:04:12.680-04:00","source":{"id":"0","name":"eventBus"}}
{"__type":"$$EventMessageNode","id":"b68197e1-8c67-464f-a3a9-9e9fdd1d1e9b","ts":"2026-04-23T02:04:12.706-04:00","eventName":"n8n.node.finished","message":"n8n.node.finished","payload":{"workflowId":"pixOTGTBbpu2kaJp","workflowName":"My workflow 4","executionId":"137","nodeType":"n8n-nodes-base.set","nodeName":"Edit Fields","nodeId":"4aa182d0-908c-4933-8542-2fbe013bba3e"}}
{"__type":"$$EventMessageConfirm","confirm":"b68197e1-8c67-464f-a3a9-9e9fdd1d1e9b","ts":"2026-04-23T02:04:12.706-04:00","source":{"id":"0","name":"eventBus"}}
{"__type":"$$EventMessageNode","id":"621565c2-c068-4dab-9cdc-7b7d9742e8ad","ts":"2026-04-23T02:04:12.707-04:00","eventName":"n8n.node.started","message":"n8n.node.started","payload":{"workflowId":"pixOTGTBbpu2kaJp","workflowName":"My workflow 4","executionId":"137","nodeType":"n8n-nodes-base.respondToWebhook","nodeName":"Respond to Webhook","nodeId":"7aa28184-1158-47fc-8829-94ed5d109b2f"}}
{"__type":"$$EventMessageConfirm","confirm":"621565c2-c068-4dab-9cdc-7b7d9742e8ad","ts":"2026-04-23T02:04:12.707-04:00","source":{"id":"0","name":"eventBus"}}
{"__type":"$$EventMessageNode","id":"4601ffc5-a2a8-4185-99c8-5df4835164a8","ts":"2026-04-23T02:04:12.708-04:00","eventName":"n8n.node.finished","message":"n8n.node.finished","payload":{"workflowId":"pixOTGTBbpu2kaJp","workflowName":"My workflow 4","executionId":"137","nodeType":"n8n-nodes-base.respondToWebhook","nodeName":"Respond to Webhook","nodeId":"7aa28184-1158-47fc-8829-94ed5d109b2f"}}
{"__type":"$$EventMessageConfirm","confirm":"4601ffc5-a2a8-4185-99c8-5df4835164a8","ts":"2026-04-23T02:04:12.708-04:00","source":{"id":"0","name":"eventBus"}}
{"__type":"$$EventMessageWorkflow","id":"73feb942-7701-4c78-8d1b-45f4be57236b","ts":"2026-04-23T02:04:12.717-04:00","eventName":"n8n.workflow.success","message":"n8n.workflow.success","payload":{"executionId":"137","success":true,"isManual":false,"mode":"webhook","workflowId":"pixOTGTBbpu2kaJp","workflowName":"My workflow 4","projectId":"3u0r5IjKMXnzu4Ut","projectName":"พงศกร ศรีมา <phongsakorn606@gmail.com>"}}
{"__type":"$$EventMessageConfirm","confirm":"73feb942-7701-4c78-8d1b-45f4be57236b","ts":"2026-04-23T02:04:12.719-04:00","source":{"id":"0","name":"eventBus"}}
{"__type":"$$EventMessageAudit","id":"608611d1-ae5f-41d3-9375-15d40ff4fd36","ts":"2026-04-23T02:05:52.976-04:00","eventName":"n8n.audit.workflow.updated","message":"n8n.audit.workflow.updated","payload":{"userId":"c92b1b9b-6920-4109-b52a-e68c7418a95b","_email":"phongsakorn606@gmail.com","_firstName":"พงศกร","_lastName":"ศรีมา","globalRole":"global:owner","workflowId":"pixOTGTBbpu2kaJp","workflowName":"My workflow 4"}}
{"__type":"$$EventMessageConfirm","confirm":"608611d1-ae5f-41d3-9375-15d40ff4fd36","ts":"2026-04-23T02:05:52.976-04:00","source":{"id":"0","name":"eventBus"}}
{"__type":"$$EventMessageAudit","id":"05cc6088-82c4-43e5-8f5f-ecb058fbc6bd","ts":"2026-04-23T02:21:04.908-04:00","eventName":"n8n.audit.workflow.executed","message":"n8n.audit.workflow.executed","payload":{"workflowId":"pixOTGTBbpu2kaJp","workflowName":"My workflow 4","executionId":"138","source":"webhook"}}
{"__type":"$$EventMessageConfirm","confirm":"05cc6088-82c4-43e5-8f5f-ecb058fbc6bd","ts":"2026-04-23T02:21:04.908-04:00","source":{"id":"0","name":"eventBus"}}
{"__type":"$$EventMessageWorkflow","id":"00e886d7-54af-4daa-abe3-b9b43d4de0d9","ts":"2026-04-23T02:21:04.908-04:00","eventName":"n8n.workflow.started","message":"n8n.workflow.started","payload":{"executionId":"138","workflowId":"pixOTGTBbpu2kaJp","isManual":false,"mode":"webhook","workflowName":"My workflow 4","projectId":"3u0r5IjKMXnzu4Ut","projectName":"พงศกร ศรีมา <phongsakorn606@gmail.com>"}}
{"__type":"$$EventMessageConfirm","confirm":"00e886d7-54af-4daa-abe3-b9b43d4de0d9","ts":"2026-04-23T02:21:04.909-04:00","source":{"id":"0","name":"eventBus"}}
{"__type":"$$EventMessageNode","id":"3bb82806-9bbb-4852-9674-bf68093b3a6a","ts":"2026-04-23T02:21:04.909-04:00","eventName":"n8n.node.started","message":"n8n.node.started","payload":{"workflowId":"pixOTGTBbpu2kaJp","workflowName":"My workflow 4","executionId":"138","nodeType":"n8n-nodes-base.webhook","nodeName":"Webhook1","nodeId":"17cfb797-4bac-443f-9a99-7e0603056cd8"}}
{"__type":"$$EventMessageConfirm","confirm":"3bb82806-9bbb-4852-9674-bf68093b3a6a","ts":"2026-04-23T02:21:04.909-04:00","source":{"id":"0","name":"eventBus"}}
{"__type":"$$EventMessageNode","id":"58ed6c89-3d14-4b8f-b2d8-da092879f96a","ts":"2026-04-23T02:21:04.909-04:00","eventName":"n8n.node.finished","message":"n8n.node.finished","payload":{"workflowId":"pixOTGTBbpu2kaJp","workflowName":"My workflow 4","executionId":"138","nodeType":"n8n-nodes-base.webhook","nodeName":"Webhook1","nodeId":"17cfb797-4bac-443f-9a99-7e0603056cd8"}}
{"__type":"$$EventMessageConfirm","confirm":"58ed6c89-3d14-4b8f-b2d8-da092879f96a","ts":"2026-04-23T02:21:04.910-04:00","source":{"id":"0","name":"eventBus"}}
{"__type":"$$EventMessageNode","id":"91295b67-c327-49b9-9acc-b5fdc318048c","ts":"2026-04-23T02:21:04.910-04:00","eventName":"n8n.node.started","message":"n8n.node.started","payload":{"workflowId":"pixOTGTBbpu2kaJp","workflowName":"My workflow 4","executionId":"138","nodeType":"n8n-nodes-base.code","nodeName":"Code in JavaScript","nodeId":"9f557c64-8164-4c7e-a564-d040275dce6e"}}
{"__type":"$$EventMessageConfirm","confirm":"91295b67-c327-49b9-9acc-b5fdc318048c","ts":"2026-04-23T02:21:04.910-04:00","source":{"id":"0","name":"eventBus"}}
{"__type":"$$EventMessageRunner","id":"d93509aa-d7aa-4932-9d20-22f9ab1da654","ts":"2026-04-23T02:21:04.919-04:00","eventName":"n8n.runner.task.requested","message":"n8n.runner.task.requested","payload":{"taskId":"dsBWFlRY","nodeId":"9f557c64-8164-4c7e-a564-d040275dce6e","workflowId":"pixOTGTBbpu2kaJp","executionId":"138"}}
{"__type":"$$EventMessageConfirm","confirm":"d93509aa-d7aa-4932-9d20-22f9ab1da654","ts":"2026-04-23T02:21:04.919-04:00","source":{"id":"0","name":"eventBus"}}
{"__type":"$$EventMessageRunner","id":"bddb2c89-f1e4-4d92-a145-24f89d6fe388","ts":"2026-04-23T02:21:05.048-04:00","eventName":"n8n.runner.response.received","message":"n8n.runner.response.received","payload":{"taskId":"dsBWFlRY","nodeId":"9f557c64-8164-4c7e-a564-d040275dce6e","workflowId":"pixOTGTBbpu2kaJp","executionId":"138"}}
{"__type":"$$EventMessageConfirm","confirm":"bddb2c89-f1e4-4d92-a145-24f89d6fe388","ts":"2026-04-23T02:21:05.049-04:00","source":{"id":"0","name":"eventBus"}}
{"__type":"$$EventMessageNode","id":"195635ad-93a6-497a-a3c4-23b26594e3d8","ts":"2026-04-23T02:21:05.050-04:00","eventName":"n8n.node.finished","message":"n8n.node.finished","payload":{"workflowId":"pixOTGTBbpu2kaJp","workflowName":"My workflow 4","executionId":"138","nodeType":"n8n-nodes-base.code","nodeName":"Code in JavaScript","nodeId":"9f557c64-8164-4c7e-a564-d040275dce6e"}}
{"__type":"$$EventMessageConfirm","confirm":"195635ad-93a6-497a-a3c4-23b26594e3d8","ts":"2026-04-23T02:21:05.050-04:00","source":{"id":"0","name":"eventBus"}}
{"__type":"$$EventMessageNode","id":"ddfc533d-a978-435b-b71d-f0bd0311683e","ts":"2026-04-23T02:21:05.050-04:00","eventName":"n8n.node.started","message":"n8n.node.started","payload":{"workflowId":"pixOTGTBbpu2kaJp","workflowName":"My workflow 4","executionId":"138","nodeType":"n8n-nodes-base.gmail","nodeName":"Send a message","nodeId":"ea3b5133-a5a7-4b99-b56c-fdd5a7ee3fac"}}
{"__type":"$$EventMessageConfirm","confirm":"ddfc533d-a978-435b-b71d-f0bd0311683e","ts":"2026-04-23T02:21:05.051-04:00","source":{"id":"0","name":"eventBus"}}
{"__type":"$$EventMessageNode","id":"c5836d01-c07f-4efb-b347-5e1c7fd09392","ts":"2026-04-23T02:21:06.928-04:00","eventName":"n8n.node.finished","message":"n8n.node.finished","payload":{"workflowId":"pixOTGTBbpu2kaJp","workflowName":"My workflow 4","executionId":"138","nodeType":"n8n-nodes-base.gmail","nodeName":"Send a message","nodeId":"ea3b5133-a5a7-4b99-b56c-fdd5a7ee3fac"}}
{"__type":"$$EventMessageConfirm","confirm":"c5836d01-c07f-4efb-b347-5e1c7fd09392","ts":"2026-04-23T02:21:06.929-04:00","source":{"id":"0","name":"eventBus"}}
{"__type":"$$EventMessageNode","id":"a7cd9211-024c-4d29-b954-60897afc5c8c","ts":"2026-04-23T02:21:06.929-04:00","eventName":"n8n.node.started","message":"n8n.node.started","payload":{"workflowId":"pixOTGTBbpu2kaJp","workflowName":"My workflow 4","executionId":"138","nodeType":"n8n-nodes-base.respondToWebhook","nodeName":"Respond to Webhook1","nodeId":"50000d22-21dd-43dc-8809-6e392df61a19"}}
{"__type":"$$EventMessageConfirm","confirm":"a7cd9211-024c-4d29-b954-60897afc5c8c","ts":"2026-04-23T02:21:06.929-04:00","source":{"id":"0","name":"eventBus"}}
{"__type":"$$EventMessageNode","id":"be89fcfa-12d3-4b89-93d4-d6615e874017","ts":"2026-04-23T02:21:06.937-04:00","eventName":"n8n.node.finished","message":"n8n.node.finished","payload":{"workflowId":"pixOTGTBbpu2kaJp","workflowName":"My workflow 4","executionId":"138","nodeType":"n8n-nodes-base.respondToWebhook","nodeName":"Respond to Webhook1","nodeId":"50000d22-21dd-43dc-8809-6e392df61a19"}}
{"__type":"$$EventMessageConfirm","confirm":"be89fcfa-12d3-4b89-93d4-d6615e874017","ts":"2026-04-23T02:21:06.937-04:00","source":{"id":"0","name":"eventBus"}}
{"__type":"$$EventMessageWorkflow","id":"f179196f-4518-4b14-baaf-6a1354c375c4","ts":"2026-04-23T02:21:06.939-04:00","eventName":"n8n.workflow.success","message":"n8n.workflow.success","payload":{"executionId":"138","success":true,"isManual":false,"mode":"webhook","workflowId":"pixOTGTBbpu2kaJp","workflowName":"My workflow 4","projectId":"3u0r5IjKMXnzu4Ut","projectName":"พงศกร ศรีมา <phongsakorn606@gmail.com>"}}
{"__type":"$$EventMessageConfirm","confirm":"f179196f-4518-4b14-baaf-6a1354c375c4","ts":"2026-04-23T02:21:06.939-04:00","source":{"id":"0","name":"eventBus"}}
{"__type":"$$EventMessageAudit","id":"f6969b76-a59b-46b6-bc62-99bd720f0c9e","ts":"2026-04-23T02:39:05.994-04:00","eventName":"n8n.audit.workflow.updated","message":"n8n.audit.workflow.updated","payload":{"userId":"c92b1b9b-6920-4109-b52a-e68c7418a95b","_email":"phongsakorn606@gmail.com","_firstName":"พงศกร","_lastName":"ศรีมา","globalRole":"global:owner","workflowId":"pixOTGTBbpu2kaJp","workflowName":"My workflow 4"}}
{"__type":"$$EventMessageConfirm","confirm":"f6969b76-a59b-46b6-bc62-99bd720f0c9e","ts":"2026-04-23T02:39:05.994-04:00","source":{"id":"0","name":"eventBus"}}
{"__type":"$$EventMessageAudit","id":"e404fd09-0235-4e49-9805-9da071c6fd80","ts":"2026-04-23T02:39:10.882-04:00","eventName":"n8n.audit.workflow.executed","message":"n8n.audit.workflow.executed","payload":{"workflowId":"pixOTGTBbpu2kaJp","workflowName":"My workflow 4","executionId":"139","source":"webhook"}}
{"__type":"$$EventMessageConfirm","confirm":"e404fd09-0235-4e49-9805-9da071c6fd80","ts":"2026-04-23T02:39:10.883-04:00","source":{"id":"0","name":"eventBus"}}
{"__type":"$$EventMessageWorkflow","id":"06a786ab-b044-40cc-bc0f-7f964b57fd1d","ts":"2026-04-23T02:39:10.883-04:00","eventName":"n8n.workflow.started","message":"n8n.workflow.started","payload":{"executionId":"139","workflowId":"pixOTGTBbpu2kaJp","isManual":false,"mode":"webhook","workflowName":"My workflow 4","projectId":"3u0r5IjKMXnzu4Ut","projectName":"พงศกร ศรีมา <phongsakorn606@gmail.com>"}}
{"__type":"$$EventMessageConfirm","confirm":"06a786ab-b044-40cc-bc0f-7f964b57fd1d","ts":"2026-04-23T02:39:10.883-04:00","source":{"id":"0","name":"eventBus"}}
{"__type":"$$EventMessageNode","id":"c70b9fd0-05d9-4e5a-9a98-d18c597f0669","ts":"2026-04-23T02:39:10.883-04:00","eventName":"n8n.node.started","message":"n8n.node.started","payload":{"workflowId":"pixOTGTBbpu2kaJp","workflowName":"My workflow 4","executionId":"139","nodeType":"n8n-nodes-base.webhook","nodeName":"Webhook1","nodeId":"17cfb797-4bac-443f-9a99-7e0603056cd8"}}
{"__type":"$$EventMessageConfirm","confirm":"c70b9fd0-05d9-4e5a-9a98-d18c597f0669","ts":"2026-04-23T02:39:10.884-04:00","source":{"id":"0","name":"eventBus"}}
{"__type":"$$EventMessageNode","id":"bd5c73ad-86f2-4b73-ac04-682882f71ade","ts":"2026-04-23T02:39:10.884-04:00","eventName":"n8n.node.finished","message":"n8n.node.finished","payload":{"workflowId":"pixOTGTBbpu2kaJp","workflowName":"My workflow 4","executionId":"139","nodeType":"n8n-nodes-base.webhook","nodeName":"Webhook1","nodeId":"17cfb797-4bac-443f-9a99-7e0603056cd8"}}
{"__type":"$$EventMessageConfirm","confirm":"bd5c73ad-86f2-4b73-ac04-682882f71ade","ts":"2026-04-23T02:39:10.884-04:00","source":{"id":"0","name":"eventBus"}}
{"__type":"$$EventMessageNode","id":"6d1daf4a-33af-4e88-a8bb-6e9485f9800b","ts":"2026-04-23T02:39:10.884-04:00","eventName":"n8n.node.started","message":"n8n.node.started","payload":{"workflowId":"pixOTGTBbpu2kaJp","workflowName":"My workflow 4","executionId":"139","nodeType":"n8n-nodes-base.code","nodeName":"Code in JavaScript","nodeId":"9f557c64-8164-4c7e-a564-d040275dce6e"}}
{"__type":"$$EventMessageConfirm","confirm":"6d1daf4a-33af-4e88-a8bb-6e9485f9800b","ts":"2026-04-23T02:39:10.884-04:00","source":{"id":"0","name":"eventBus"}}
{"__type":"$$EventMessageRunner","id":"ef0cab8a-168e-4707-9bc1-9c367af5d014","ts":"2026-04-23T02:39:10.889-04:00","eventName":"n8n.runner.task.requested","message":"n8n.runner.task.requested","payload":{"taskId":"ANPp-mu1","nodeId":"9f557c64-8164-4c7e-a564-d040275dce6e","workflowId":"pixOTGTBbpu2kaJp","executionId":"139"}}
{"__type":"$$EventMessageConfirm","confirm":"ef0cab8a-168e-4707-9bc1-9c367af5d014","ts":"2026-04-23T02:39:10.889-04:00","source":{"id":"0","name":"eventBus"}}
{"__type":"$$EventMessageRunner","id":"bfb4960a-9cc9-4ebf-a933-8bf31fd44348","ts":"2026-04-23T02:39:10.910-04:00","eventName":"n8n.runner.response.received","message":"n8n.runner.response.received","payload":{"taskId":"ANPp-mu1","nodeId":"9f557c64-8164-4c7e-a564-d040275dce6e","workflowId":"pixOTGTBbpu2kaJp","executionId":"139"}}
{"__type":"$$EventMessageConfirm","confirm":"bfb4960a-9cc9-4ebf-a933-8bf31fd44348","ts":"2026-04-23T02:39:10.911-04:00","source":{"id":"0","name":"eventBus"}}
{"__type":"$$EventMessageNode","id":"3933fafa-3a32-4f6f-8602-3542316b58bc","ts":"2026-04-23T02:39:10.911-04:00","eventName":"n8n.node.finished","message":"n8n.node.finished","payload":{"workflowId":"pixOTGTBbpu2kaJp","workflowName":"My workflow 4","executionId":"139","nodeType":"n8n-nodes-base.code","nodeName":"Code in JavaScript","nodeId":"9f557c64-8164-4c7e-a564-d040275dce6e"}}
{"__type":"$$EventMessageConfirm","confirm":"3933fafa-3a32-4f6f-8602-3542316b58bc","ts":"2026-04-23T02:39:10.912-04:00","source":{"id":"0","name":"eventBus"}}
{"__type":"$$EventMessageNode","id":"abdeddd9-51ee-4f75-82d5-c8a7ccc7c390","ts":"2026-04-23T02:39:10.912-04:00","eventName":"n8n.node.started","message":"n8n.node.started","payload":{"workflowId":"pixOTGTBbpu2kaJp","workflowName":"My workflow 4","executionId":"139","nodeType":"n8n-nodes-base.gmail","nodeName":"Send a message","nodeId":"ea3b5133-a5a7-4b99-b56c-fdd5a7ee3fac"}}
{"__type":"$$EventMessageConfirm","confirm":"abdeddd9-51ee-4f75-82d5-c8a7ccc7c390","ts":"2026-04-23T02:39:10.913-04:00","source":{"id":"0","name":"eventBus"}}
{"__type":"$$EventMessageNode","id":"b46c0a1f-b497-4917-a17b-60a63c70641f","ts":"2026-04-23T02:39:11.905-04:00","eventName":"n8n.node.finished","message":"n8n.node.finished","payload":{"workflowId":"pixOTGTBbpu2kaJp","workflowName":"My workflow 4","executionId":"139","nodeType":"n8n-nodes-base.gmail","nodeName":"Send a message","nodeId":"ea3b5133-a5a7-4b99-b56c-fdd5a7ee3fac"}}
{"__type":"$$EventMessageConfirm","confirm":"b46c0a1f-b497-4917-a17b-60a63c70641f","ts":"2026-04-23T02:39:11.906-04:00","source":{"id":"0","name":"eventBus"}}
{"__type":"$$EventMessageNode","id":"da83e76d-b428-4d76-add3-662770dc7a90","ts":"2026-04-23T02:39:11.906-04:00","eventName":"n8n.node.started","message":"n8n.node.started","payload":{"workflowId":"pixOTGTBbpu2kaJp","workflowName":"My workflow 4","executionId":"139","nodeType":"n8n-nodes-base.respondToWebhook","nodeName":"Respond to Webhook1","nodeId":"50000d22-21dd-43dc-8809-6e392df61a19"}}
{"__type":"$$EventMessageConfirm","confirm":"da83e76d-b428-4d76-add3-662770dc7a90","ts":"2026-04-23T02:39:11.906-04:00","source":{"id":"0","name":"eventBus"}}
{"__type":"$$EventMessageNode","id":"b8f3a6fd-d512-44da-9e14-8324c13116ac","ts":"2026-04-23T02:39:11.907-04:00","eventName":"n8n.node.finished","message":"n8n.node.finished","payload":{"workflowId":"pixOTGTBbpu2kaJp","workflowName":"My workflow 4","executionId":"139","nodeType":"n8n-nodes-base.respondToWebhook","nodeName":"Respond to Webhook1","nodeId":"50000d22-21dd-43dc-8809-6e392df61a19"}}
{"__type":"$$EventMessageConfirm","confirm":"b8f3a6fd-d512-44da-9e14-8324c13116ac","ts":"2026-04-23T02:39:11.907-04:00","source":{"id":"0","name":"eventBus"}}
{"__type":"$$EventMessageWorkflow","id":"cf6a5d41-b20e-4ded-bd33-981aa91c7130","ts":"2026-04-23T02:39:11.908-04:00","eventName":"n8n.workflow.success","message":"n8n.workflow.success","payload":{"executionId":"139","success":true,"isManual":false,"mode":"webhook","workflowId":"pixOTGTBbpu2kaJp","workflowName":"My workflow 4","projectId":"3u0r5IjKMXnzu4Ut","projectName":"พงศกร ศรีมา <phongsakorn606@gmail.com>"}}
{"__type":"$$EventMessageConfirm","confirm":"cf6a5d41-b20e-4ded-bd33-981aa91c7130","ts":"2026-04-23T02:39:11.908-04:00","source":{"id":"0","name":"eventBus"}}
{"__type":"$$EventMessageAudit","id":"3bb00a9a-9e47-47d0-b1e3-c0d13f943cf2","ts":"2026-04-23T02:39:18.543-04:00","eventName":"n8n.audit.workflow.deactivated","message":"n8n.audit.workflow.deactivated","payload":{"userId":"c92b1b9b-6920-4109-b52a-e68c7418a95b","_email":"phongsakorn606@gmail.com","_firstName":"พงศกร","_lastName":"ศรีมา","globalRole":"global:owner","workflowId":"pixOTGTBbpu2kaJp","workflowName":"My workflow 4","deactivatedVersionId":"7e25f2a5-c637-4ba7-a316-42f987c621a4"}}
{"__type":"$$EventMessageConfirm","confirm":"3bb00a9a-9e47-47d0-b1e3-c0d13f943cf2","ts":"2026-04-23T02:39:18.544-04:00","source":{"id":"0","name":"eventBus"}}
{"__type":"$$EventMessageAudit","id":"96ccfadd-3dcb-4d1d-9efb-915f21e50c6d","ts":"2026-04-23T02:39:18.678-04:00","eventName":"n8n.audit.workflow.activated","message":"n8n.audit.workflow.activated","payload":{"userId":"c92b1b9b-6920-4109-b52a-e68c7418a95b","_email":"phongsakorn606@gmail.com","_firstName":"พงศกร","_lastName":"ศรีมา","globalRole":"global:owner","workflowId":"pixOTGTBbpu2kaJp","workflowName":"My workflow 4","activeVersionId":"da810929-73c7-48e2-80a6-ba337730026c"}}
{"__type":"$$EventMessageConfirm","confirm":"96ccfadd-3dcb-4d1d-9efb-915f21e50c6d","ts":"2026-04-23T02:39:18.678-04:00","source":{"id":"0","name":"eventBus"}}
{"__type":"$$EventMessageAudit","id":"b63b1e6c-f827-457d-a706-9574766cd9bd","ts":"2026-04-23T02:39:30.363-04:00","eventName":"n8n.audit.workflow.executed","message":"n8n.audit.workflow.executed","payload":{"workflowId":"pixOTGTBbpu2kaJp","workflowName":"My workflow 4","executionId":"140","source":"webhook"}}
{"__type":"$$EventMessageConfirm","confirm":"b63b1e6c-f827-457d-a706-9574766cd9bd","ts":"2026-04-23T02:39:30.363-04:00","source":{"id":"0","name":"eventBus"}}
{"__type":"$$EventMessageWorkflow","id":"39b4020d-1f1a-4de9-9f60-67b8cae825fa","ts":"2026-04-23T02:39:30.363-04:00","eventName":"n8n.workflow.started","message":"n8n.workflow.started","payload":{"executionId":"140","workflowId":"pixOTGTBbpu2kaJp","isManual":false,"mode":"webhook","workflowName":"My workflow 4","projectId":"3u0r5IjKMXnzu4Ut","projectName":"พงศกร ศรีมา <phongsakorn606@gmail.com>"}}
{"__type":"$$EventMessageConfirm","confirm":"39b4020d-1f1a-4de9-9f60-67b8cae825fa","ts":"2026-04-23T02:39:30.363-04:00","source":{"id":"0","name":"eventBus"}}
{"__type":"$$EventMessageNode","id":"e7ef1eaf-5cc0-4489-b85a-ad4eba543178","ts":"2026-04-23T02:39:30.363-04:00","eventName":"n8n.node.started","message":"n8n.node.started","payload":{"workflowId":"pixOTGTBbpu2kaJp","workflowName":"My workflow 4","executionId":"140","nodeType":"n8n-nodes-base.webhook","nodeName":"Webhook1","nodeId":"17cfb797-4bac-443f-9a99-7e0603056cd8"}}
{"__type":"$$EventMessageConfirm","confirm":"e7ef1eaf-5cc0-4489-b85a-ad4eba543178","ts":"2026-04-23T02:39:30.363-04:00","source":{"id":"0","name":"eventBus"}}
{"__type":"$$EventMessageNode","id":"88153cf6-c1d0-4df8-aaab-0ff7c94f4437","ts":"2026-04-23T02:39:30.363-04:00","eventName":"n8n.node.finished","message":"n8n.node.finished","payload":{"workflowId":"pixOTGTBbpu2kaJp","workflowName":"My workflow 4","executionId":"140","nodeType":"n8n-nodes-base.webhook","nodeName":"Webhook1","nodeId":"17cfb797-4bac-443f-9a99-7e0603056cd8"}}
{"__type":"$$EventMessageConfirm","confirm":"88153cf6-c1d0-4df8-aaab-0ff7c94f4437","ts":"2026-04-23T02:39:30.363-04:00","source":{"id":"0","name":"eventBus"}}
{"__type":"$$EventMessageNode","id":"ffe41e4a-9bc2-4e14-ad79-457f38545403","ts":"2026-04-23T02:39:30.363-04:00","eventName":"n8n.node.started","message":"n8n.node.started","payload":{"workflowId":"pixOTGTBbpu2kaJp","workflowName":"My workflow 4","executionId":"140","nodeType":"n8n-nodes-base.code","nodeName":"Code in JavaScript","nodeId":"9f557c64-8164-4c7e-a564-d040275dce6e"}}
{"__type":"$$EventMessageConfirm","confirm":"ffe41e4a-9bc2-4e14-ad79-457f38545403","ts":"2026-04-23T02:39:30.363-04:00","source":{"id":"0","name":"eventBus"}}
{"__type":"$$EventMessageRunner","id":"bb20ddce-7d05-4b59-906d-48cc2e026b8e","ts":"2026-04-23T02:39:30.366-04:00","eventName":"n8n.runner.task.requested","message":"n8n.runner.task.requested","payload":{"taskId":"JKPngnhX","nodeId":"9f557c64-8164-4c7e-a564-d040275dce6e","workflowId":"pixOTGTBbpu2kaJp","executionId":"140"}}
{"__type":"$$EventMessageConfirm","confirm":"bb20ddce-7d05-4b59-906d-48cc2e026b8e","ts":"2026-04-23T02:39:30.367-04:00","source":{"id":"0","name":"eventBus"}}
{"__type":"$$EventMessageRunner","id":"ef279f7c-a542-40cd-bcca-d54668b1a6e0","ts":"2026-04-23T02:39:30.385-04:00","eventName":"n8n.runner.response.received","message":"n8n.runner.response.received","payload":{"taskId":"JKPngnhX","nodeId":"9f557c64-8164-4c7e-a564-d040275dce6e","workflowId":"pixOTGTBbpu2kaJp","executionId":"140"}}
{"__type":"$$EventMessageConfirm","confirm":"ef279f7c-a542-40cd-bcca-d54668b1a6e0","ts":"2026-04-23T02:39:30.385-04:00","source":{"id":"0","name":"eventBus"}}
{"__type":"$$EventMessageNode","id":"460a9b62-ca08-44db-8ae2-db7df8de60d1","ts":"2026-04-23T02:39:30.385-04:00","eventName":"n8n.node.finished","message":"n8n.node.finished","payload":{"workflowId":"pixOTGTBbpu2kaJp","workflowName":"My workflow 4","executionId":"140","nodeType":"n8n-nodes-base.code","nodeName":"Code in JavaScript","nodeId":"9f557c64-8164-4c7e-a564-d040275dce6e"}}
{"__type":"$$EventMessageConfirm","confirm":"460a9b62-ca08-44db-8ae2-db7df8de60d1","ts":"2026-04-23T02:39:30.385-04:00","source":{"id":"0","name":"eventBus"}}
{"__type":"$$EventMessageNode","id":"8df1db17-af46-4db8-894f-5defa66e8ea8","ts":"2026-04-23T02:39:30.385-04:00","eventName":"n8n.node.started","message":"n8n.node.started","payload":{"workflowId":"pixOTGTBbpu2kaJp","workflowName":"My workflow 4","executionId":"140","nodeType":"n8n-nodes-base.gmail","nodeName":"Send a message","nodeId":"ea3b5133-a5a7-4b99-b56c-fdd5a7ee3fac"}}
{"__type":"$$EventMessageConfirm","confirm":"8df1db17-af46-4db8-894f-5defa66e8ea8","ts":"2026-04-23T02:39:30.385-04:00","source":{"id":"0","name":"eventBus"}}
{"__type":"$$EventMessageNode","id":"d889e536-46ec-4c5b-b6d5-93637dd34501","ts":"2026-04-23T02:39:31.500-04:00","eventName":"n8n.node.finished","message":"n8n.node.finished","payload":{"workflowId":"pixOTGTBbpu2kaJp","workflowName":"My workflow 4","executionId":"140","nodeType":"n8n-nodes-base.gmail","nodeName":"Send a message","nodeId":"ea3b5133-a5a7-4b99-b56c-fdd5a7ee3fac"}}
{"__type":"$$EventMessageConfirm","confirm":"d889e536-46ec-4c5b-b6d5-93637dd34501","ts":"2026-04-23T02:39:31.501-04:00","source":{"id":"0","name":"eventBus"}}
{"__type":"$$EventMessageNode","id":"048b5156-1e69-45cd-8d88-ee54d3f0815a","ts":"2026-04-23T02:39:31.501-04:00","eventName":"n8n.node.started","message":"n8n.node.started","payload":{"workflowId":"pixOTGTBbpu2kaJp","workflowName":"My workflow 4","executionId":"140","nodeType":"n8n-nodes-base.respondToWebhook","nodeName":"Respond to Webhook1","nodeId":"50000d22-21dd-43dc-8809-6e392df61a19"}}
{"__type":"$$EventMessageConfirm","confirm":"048b5156-1e69-45cd-8d88-ee54d3f0815a","ts":"2026-04-23T02:39:31.501-04:00","source":{"id":"0","name":"eventBus"}}
{"__type":"$$EventMessageNode","id":"2d08d8dc-6501-43e0-bc80-8c9c50afc6e2","ts":"2026-04-23T02:39:31.502-04:00","eventName":"n8n.node.finished","message":"n8n.node.finished","payload":{"workflowId":"pixOTGTBbpu2kaJp","workflowName":"My workflow 4","executionId":"140","nodeType":"n8n-nodes-base.respondToWebhook","nodeName":"Respond to Webhook1","nodeId":"50000d22-21dd-43dc-8809-6e392df61a19"}}
{"__type":"$$EventMessageConfirm","confirm":"2d08d8dc-6501-43e0-bc80-8c9c50afc6e2","ts":"2026-04-23T02:39:31.502-04:00","source":{"id":"0","name":"eventBus"}}
{"__type":"$$EventMessageWorkflow","id":"db34508b-7b58-4c9d-83d4-fd9069a61b9c","ts":"2026-04-23T02:39:31.504-04:00","eventName":"n8n.workflow.success","message":"n8n.workflow.success","payload":{"executionId":"140","success":true,"isManual":false,"mode":"webhook","workflowId":"pixOTGTBbpu2kaJp","workflowName":"My workflow 4","projectId":"3u0r5IjKMXnzu4Ut","projectName":"พงศกร ศรีมา <phongsakorn606@gmail.com>"}}
{"__type":"$$EventMessageConfirm","confirm":"db34508b-7b58-4c9d-83d4-fd9069a61b9c","ts":"2026-04-23T02:39:31.507-04:00","source":{"id":"0","name":"eventBus"}}
{"__type":"$$EventMessageAudit","id":"95479cd7-87c6-4d27-a656-0f7f5e388612","ts":"2026-04-23T02:42:13.284-04:00","eventName":"n8n.audit.workflow.deactivated","message":"n8n.audit.workflow.deactivated","payload":{"userId":"c92b1b9b-6920-4109-b52a-e68c7418a95b","_email":"phongsakorn606@gmail.com","_firstName":"พงศกร","_lastName":"ศรีมา","globalRole":"global:owner","workflowId":"pixOTGTBbpu2kaJp","workflowName":"My workflow 4","deactivatedVersionId":"da810929-73c7-48e2-80a6-ba337730026c"}}
{"__type":"$$EventMessageConfirm","confirm":"95479cd7-87c6-4d27-a656-0f7f5e388612","ts":"2026-04-23T02:42:13.285-04:00","source":{"id":"0","name":"eventBus"}}
{"__type":"$$EventMessageAudit","id":"1b98c1ce-4132-4d51-a078-2d1ac9743213","ts":"2026-04-23T02:42:33.211-04:00","eventName":"n8n.audit.workflow.activated","message":"n8n.audit.workflow.activated","payload":{"userId":"c92b1b9b-6920-4109-b52a-e68c7418a95b","_email":"phongsakorn606@gmail.com","_firstName":"พงศกร","_lastName":"ศรีมา","globalRole":"global:owner","workflowId":"pixOTGTBbpu2kaJp","workflowName":"My workflow 4","activeVersionId":"da810929-73c7-48e2-80a6-ba337730026c"}}
{"__type":"$$EventMessageConfirm","confirm":"1b98c1ce-4132-4d51-a078-2d1ac9743213","ts":"2026-04-23T02:42:33.211-04:00","source":{"id":"0","name":"eventBus"}}
{"__type":"$$EventMessageAudit","id":"ad4e11e0-576d-4ef3-9e96-16da7d134b62","ts":"2026-04-23T02:42:40.919-04:00","eventName":"n8n.audit.workflow.executed","message":"n8n.audit.workflow.executed","payload":{"workflowId":"pixOTGTBbpu2kaJp","workflowName":"My workflow 4","executionId":"141","source":"webhook"}}
{"__type":"$$EventMessageConfirm","confirm":"ad4e11e0-576d-4ef3-9e96-16da7d134b62","ts":"2026-04-23T02:42:40.919-04:00","source":{"id":"0","name":"eventBus"}}
{"__type":"$$EventMessageWorkflow","id":"bbada2bd-13c8-4ce3-9e92-01b4c6a8f10b","ts":"2026-04-23T02:42:40.920-04:00","eventName":"n8n.workflow.started","message":"n8n.workflow.started","payload":{"executionId":"141","workflowId":"pixOTGTBbpu2kaJp","isManual":false,"mode":"webhook","workflowName":"My workflow 4","projectId":"3u0r5IjKMXnzu4Ut","projectName":"พงศกร ศรีมา <phongsakorn606@gmail.com>"}}
{"__type":"$$EventMessageConfirm","confirm":"bbada2bd-13c8-4ce3-9e92-01b4c6a8f10b","ts":"2026-04-23T02:42:40.920-04:00","source":{"id":"0","name":"eventBus"}}
{"__type":"$$EventMessageNode","id":"7cb1b3cd-26ab-4204-b11c-a351531ffdb7","ts":"2026-04-23T02:42:40.921-04:00","eventName":"n8n.node.started","message":"n8n.node.started","payload":{"workflowId":"pixOTGTBbpu2kaJp","workflowName":"My workflow 4","executionId":"141","nodeType":"n8n-nodes-base.webhook","nodeName":"Webhook","nodeId":"acf15491-a839-4ddb-9dbc-370e14cc5689"}}
{"__type":"$$EventMessageConfirm","confirm":"7cb1b3cd-26ab-4204-b11c-a351531ffdb7","ts":"2026-04-23T02:42:40.922-04:00","source":{"id":"0","name":"eventBus"}}
{"__type":"$$EventMessageNode","id":"2fb80624-c532-4acd-8e77-5e9a5ef9470f","ts":"2026-04-23T02:42:40.922-04:00","eventName":"n8n.node.finished","message":"n8n.node.finished","payload":{"workflowId":"pixOTGTBbpu2kaJp","workflowName":"My workflow 4","executionId":"141","nodeType":"n8n-nodes-base.webhook","nodeName":"Webhook","nodeId":"acf15491-a839-4ddb-9dbc-370e14cc5689"}}
{"__type":"$$EventMessageConfirm","confirm":"2fb80624-c532-4acd-8e77-5e9a5ef9470f","ts":"2026-04-23T02:42:40.922-04:00","source":{"id":"0","name":"eventBus"}}
{"__type":"$$EventMessageNode","id":"bf78969c-38a8-46d6-8469-104450f007bb","ts":"2026-04-23T02:42:40.922-04:00","eventName":"n8n.node.started","message":"n8n.node.started","payload":{"workflowId":"pixOTGTBbpu2kaJp","workflowName":"My workflow 4","executionId":"141","nodeType":"n8n-nodes-base.googleSheets","nodeName":"Get row(s) in sheet","nodeId":"9565bf4f-dc5d-404f-8a3f-283917184146"}}
{"__type":"$$EventMessageConfirm","confirm":"bf78969c-38a8-46d6-8469-104450f007bb","ts":"2026-04-23T02:42:40.923-04:00","source":{"id":"0","name":"eventBus"}}
{"__type":"$$EventMessageNode","id":"709eb4ba-fe20-448c-a863-d1063569da1e","ts":"2026-04-23T02:42:42.685-04:00","eventName":"n8n.node.finished","message":"n8n.node.finished","payload":{"workflowId":"pixOTGTBbpu2kaJp","workflowName":"My workflow 4","executionId":"141","nodeType":"n8n-nodes-base.googleSheets","nodeName":"Get row(s) in sheet","nodeId":"9565bf4f-dc5d-404f-8a3f-283917184146"}}
{"__type":"$$EventMessageConfirm","confirm":"709eb4ba-fe20-448c-a863-d1063569da1e","ts":"2026-04-23T02:42:42.685-04:00","source":{"id":"0","name":"eventBus"}}
{"__type":"$$EventMessageNode","id":"3a4164d2-8d3f-4261-bd43-92be80a7ac6b","ts":"2026-04-23T02:42:42.686-04:00","eventName":"n8n.node.started","message":"n8n.node.started","payload":{"workflowId":"pixOTGTBbpu2kaJp","workflowName":"My workflow 4","executionId":"141","nodeType":"n8n-nodes-base.set","nodeName":"Edit Fields","nodeId":"4aa182d0-908c-4933-8542-2fbe013bba3e"}}
{"__type":"$$EventMessageConfirm","confirm":"3a4164d2-8d3f-4261-bd43-92be80a7ac6b","ts":"2026-04-23T02:42:42.686-04:00","source":{"id":"0","name":"eventBus"}}
{"__type":"$$EventMessageNode","id":"54f5a675-3b7e-49ed-9e23-b0090293117e","ts":"2026-04-23T02:42:42.706-04:00","eventName":"n8n.node.finished","message":"n8n.node.finished","payload":{"workflowId":"pixOTGTBbpu2kaJp","workflowName":"My workflow 4","executionId":"141","nodeType":"n8n-nodes-base.set","nodeName":"Edit Fields","nodeId":"4aa182d0-908c-4933-8542-2fbe013bba3e"}}
{"__type":"$$EventMessageConfirm","confirm":"54f5a675-3b7e-49ed-9e23-b0090293117e","ts":"2026-04-23T02:42:42.706-04:00","source":{"id":"0","name":"eventBus"}}
{"__type":"$$EventMessageNode","id":"522941b0-e9d7-4f66-acd8-0e62031e4880","ts":"2026-04-23T02:42:42.707-04:00","eventName":"n8n.node.started","message":"n8n.node.started","payload":{"workflowId":"pixOTGTBbpu2kaJp","workflowName":"My workflow 4","executionId":"141","nodeType":"n8n-nodes-base.respondToWebhook","nodeName":"Respond to Webhook","nodeId":"7aa28184-1158-47fc-8829-94ed5d109b2f"}}
{"__type":"$$EventMessageConfirm","confirm":"522941b0-e9d7-4f66-acd8-0e62031e4880","ts":"2026-04-23T02:42:42.707-04:00","source":{"id":"0","name":"eventBus"}}
{"__type":"$$EventMessageNode","id":"0d6018ac-5ff1-4319-a1bb-9f53f67b7694","ts":"2026-04-23T02:42:42.708-04:00","eventName":"n8n.node.finished","message":"n8n.node.finished","payload":{"workflowId":"pixOTGTBbpu2kaJp","workflowName":"My workflow 4","executionId":"141","nodeType":"n8n-nodes-base.respondToWebhook","nodeName":"Respond to Webhook","nodeId":"7aa28184-1158-47fc-8829-94ed5d109b2f"}}
{"__type":"$$EventMessageConfirm","confirm":"0d6018ac-5ff1-4319-a1bb-9f53f67b7694","ts":"2026-04-23T02:42:42.708-04:00","source":{"id":"0","name":"eventBus"}}
{"__type":"$$EventMessageWorkflow","id":"6b214019-462c-45a9-b305-c49f2092ae67","ts":"2026-04-23T02:42:42.714-04:00","eventName":"n8n.workflow.success","message":"n8n.workflow.success","payload":{"executionId":"141","success":true,"isManual":false,"mode":"webhook","workflowId":"pixOTGTBbpu2kaJp","workflowName":"My workflow 4","projectId":"3u0r5IjKMXnzu4Ut","projectName":"พงศกร ศรีมา <phongsakorn606@gmail.com>"}}
{"__type":"$$EventMessageConfirm","confirm":"6b214019-462c-45a9-b305-c49f2092ae67","ts":"2026-04-23T02:42:42.714-04:00","source":{"id":"0","name":"eventBus"}}
